<?xml version="1.0" encoding="UTF-8"?>
<!-- Generated by org.testng.reporters.JUnitReportReporter -->
<testsuite hostname="DESKTOP-S5LVNE2" failures="0" tests="5" name="WebDriverPackage.Multiple_TestCase" time="0.002" errors="0" timestamp="2024-12-30T19:23:07 IST" skipped="0">
  <testcase classname="WebDriverPackage.Multiple_TestCase" name="testCase3" time="0.000"/>
  <testcase classname="WebDriverPackage.Multiple_TestCase" name="testCase1" time="0.000"/>
  <testcase classname="WebDriverPackage.Multiple_TestCase" name="testCase4" time="0.002"/>
  <testcase classname="WebDriverPackage.Multiple_TestCase" name="testCase5" time="0.000"/>
  <testcase classname="WebDriverPackage.Multiple_TestCase" name="testCase2" time="0.000"/>
</testsuite> <!-- WebDriverPackage.Multiple_TestCase -->
