<?xml version="1.0" encoding="UTF-8"?>
<!-- Generated by org.testng.reporters.JUnitReportReporter -->
<testsuite hostname="DESKTOP-S5LVNE2" failures="0" tests="5" name="WebDriverPackage.Multple_TestCase2" time="0.017" errors="0" timestamp="2024-12-30T19:23:07 IST" skipped="0">
  <testcase classname="WebDriverPackage.Multple_TestCase2" name="testCase8" time="0.001"/>
  <testcase classname="WebDriverPackage.Multple_TestCase2" name="testCase7" time="0.001"/>
  <testcase classname="WebDriverPackage.Multple_TestCase2" name="testCase9" time="0.006"/>
  <testcase classname="WebDriverPackage.Multple_TestCase2" name="testCase10" time="0.008"/>
  <testcase classname="WebDriverPackage.Multple_TestCase2" name="testCase6" time="0.001"/>
</testsuite> <!-- WebDriverPackage.Multple_TestCase2 -->
